#
# There is insufficient memory for the Java Runtime Environment to continue.
# Native memory allocation (mmap) failed to map 1431699456 bytes for committing reserved memory.
# Possible reasons:
#   The system is out of physical RAM or swap space
#   The process is running with CompressedOops enabled, and the Java Heap may be blocking the growth of the native heap
# Possible solutions:
#   Reduce memory load on the system
#   Increase physical memory or swap space
#   Check if swap backing store is full
#   Decrease Java heap size (-Xmx/-Xms)
#   Decrease number of Java threads
#   Decrease Java thread stack sizes (-Xss)
#   Set larger code cache with -XX:ReservedCodeCacheSize=
# This output file may be truncated or incomplete.
#
#  Out of Memory Error (os_linux.cpp:2719), pid=6588, tid=6589
#
# JRE version:  (11.0.3+7) (build )
# Java VM: OpenJDK 64-Bit Server VM (11.0.3+7-Ubuntu-1ubuntu218.04.1, mixed mode, aot, sharing, tiered, compressed oops, serial gc, linux-amd64)
# Core dump will be written. Default location: Core dumps may be processed with "/usr/share/apport/apport %p %s %c %d %P" (or dumping to /home/quan/IdeaProjects/sparkJava/core.6588)
#

---------------  S U M M A R Y ------------

Command Line: -Xms2G -Xmx2G -XX:CompileCommandFile=/tmp/jmh15298178041361826864compilecommand org.openjdk.jmh.runner.ForkedMain 127.0.0.1 40241

Host: Intel(R) Core(TM) i7-7700HQ CPU @ 2.80GHz, 1 cores, 3G, Ubuntu 18.04.2 LTS
Time: Tue Jul 23 11:04:02 2019 +07 elapsed time: 0 seconds (0d 0h 0m 0s)

---------------  T H R E A D  ---------------

Current thread (0x00007f0d64012000):  JavaThread "Unknown thread" [_thread_in_vm, id=6589, stack(0x00007f0d6d392000,0x00007f0d6d493000)]

Stack: [0x00007f0d6d392000,0x00007f0d6d493000],  sp=0x00007f0d6d4913a0,  free space=1020k
Native frames: (J=compiled Java code, A=aot compiled Java code, j=interpreted, Vv=VM code, C=native code)
V  [libjvm.so+0xde1587]
V  [libjvm.so+0xde21db]
V  [libjvm.so+0x650895]
V  [libjvm.so+0xbbc572]
V  [libjvm.so+0xbb3c5f]
V  [libjvm.so+0xdd876b]
V  [libjvm.so+0x7c1d09]
V  [libjvm.so+0x516a69]
V  [libjvm.so+0xd6f49b]
V  [libjvm.so+0x7c2a79]
V  [libjvm.so+0x7ac1bc]
V  [libjvm.so+0xd9bae2]
V  [libjvm.so+0xd9bd76]
V  [libjvm.so+0x80edc7]
V  [libjvm.so+0xd7a797]
V  [libjvm.so+0x8c7ad1]  JNI_CreateJavaVM+0x51
C  [libjli.so+0x4816]
C  [libjli.so+0x900d]


---------------  P R O C E S S  ---------------

Threads class SMR info:
_java_thread_list=0x0000562f29fd7c40, length=0, elements={
}

Java Threads: ( => current thread )

Other Threads:

=>0x00007f0d64012000 (exited) JavaThread "Unknown thread" [_thread_in_vm, id=6589, stack(0x00007f0d6d392000,0x00007f0d6d493000)]

Threads with active compile tasks:

VM state:not at safepoint (not fully initialized)

VM Mutex/Monitor currently owned by a thread: None

Heap address: 0x0000000080000000, size: 2048 MB, Compressed Oops mode: Non-zero based: 0x0000000080000000
Narrow klass base: 0x0000000000000000, Narrow klass shift: 0

GC Heap History (0 events):
No events

Deoptimization events (0 events):
No events

Classes redefined (0 events):
No events

Internal exceptions (0 events):
No events

Events (0 events):
No events


Dynamic libraries:
80000000-aaaa0000 rw-p 00000000 00:00 0 
562f28842000-562f28843000 r-xp 00000000 08:01 1313562                    /usr/lib/jvm/java-11-openjdk-amd64/bin/java
562f28a43000-562f28a44000 r--p 00001000 08:01 1313562                    /usr/lib/jvm/java-11-openjdk-amd64/bin/java
562f28a44000-562f28a45000 rw-p 00002000 08:01 1313562                    /usr/lib/jvm/java-11-openjdk-amd64/bin/java
562f29fbf000-562f29fe0000 rw-p 00000000 00:00 0                          [heap]
7f0d4c97e000-7f0d4cbee000 rwxp 00000000 00:00 0 
7f0d4cbee000-7f0d4cf0d000 ---p 00000000 00:00 0 
7f0d4cf0d000-7f0d4d17d000 rwxp 00000000 00:00 0 
7f0d4d17d000-7f0d54445000 ---p 00000000 00:00 0 
7f0d54445000-7f0d546b5000 rwxp 00000000 00:00 0 
7f0d546b5000-7f0d5b97e000 ---p 00000000 00:00 0 
7f0d5b97e000-7f0d64000000 r--s 00000000 08:01 1313784                    /usr/lib/jvm/java-11-openjdk-amd64/lib/modules
7f0d64000000-7f0d6402f000 rw-p 00000000 00:00 0 
7f0d6402f000-7f0d68000000 ---p 00000000 00:00 0 
7f0d69085000-7f0d691db000 rw-p 00000000 00:00 0 
7f0d691db000-7f0d69485000 ---p 00000000 00:00 0 
7f0d69485000-7f0d6948b000 rw-p 00000000 00:00 0 
7f0d6948b000-7f0d69571000 ---p 00000000 00:00 0 
7f0d69571000-7f0d69576000 rw-p 00000000 00:00 0 
7f0d69576000-7f0d6965c000 ---p 00000000 00:00 0 
7f0d6965c000-7f0d69661000 r-xp 00000000 08:01 1313766                    /usr/lib/jvm/java-11-openjdk-amd64/lib/libjimage.so
7f0d69661000-7f0d69860000 ---p 00005000 08:01 1313766                    /usr/lib/jvm/java-11-openjdk-amd64/lib/libjimage.so
7f0d69860000-7f0d69861000 r--p 00004000 08:01 1313766                    /usr/lib/jvm/java-11-openjdk-amd64/lib/libjimage.so
7f0d69861000-7f0d69862000 rw-p 00005000 08:01 1313766                    /usr/lib/jvm/java-11-openjdk-amd64/lib/libjimage.so
7f0d69862000-7f0d69869000 r-xp 00000000 08:01 1313783                    /usr/lib/jvm/java-11-openjdk-amd64/lib/libzip.so
7f0d69869000-7f0d69a68000 ---p 00007000 08:01 1313783                    /usr/lib/jvm/java-11-openjdk-amd64/lib/libzip.so
7f0d69a68000-7f0d69a69000 r--p 00006000 08:01 1313783                    /usr/lib/jvm/java-11-openjdk-amd64/lib/libzip.so
7f0d69a69000-7f0d69a6a000 rw-p 00007000 08:01 1313783                    /usr/lib/jvm/java-11-openjdk-amd64/lib/libzip.so
7f0d69a6a000-7f0d69a75000 r-xp 00000000 08:01 1185703                    /lib/x86_64-linux-gnu/libnss_files-2.27.so
7f0d69a75000-7f0d69c74000 ---p 0000b000 08:01 1185703                    /lib/x86_64-linux-gnu/libnss_files-2.27.so
7f0d69c74000-7f0d69c75000 r--p 0000a000 08:01 1185703                    /lib/x86_64-linux-gnu/libnss_files-2.27.so
7f0d69c75000-7f0d69c76000 rw-p 0000b000 08:01 1185703                    /lib/x86_64-linux-gnu/libnss_files-2.27.so
7f0d69c76000-7f0d69c7c000 rw-p 00000000 00:00 0 
7f0d69c7c000-7f0d69c93000 r-xp 00000000 08:01 1185697                    /lib/x86_64-linux-gnu/libnsl-2.27.so
7f0d69c93000-7f0d69e92000 ---p 00017000 08:01 1185697                    /lib/x86_64-linux-gnu/libnsl-2.27.so
7f0d69e92000-7f0d69e93000 r--p 00016000 08:01 1185697                    /lib/x86_64-linux-gnu/libnsl-2.27.so
7f0d69e93000-7f0d69e94000 rw-p 00017000 08:01 1185697                    /lib/x86_64-linux-gnu/libnsl-2.27.so
7f0d69e94000-7f0d69e96000 rw-p 00000000 00:00 0 
7f0d69e96000-7f0d69ea1000 r-xp 00000000 08:01 1185714                    /lib/x86_64-linux-gnu/libnss_nis-2.27.so
7f0d69ea1000-7f0d6a0a0000 ---p 0000b000 08:01 1185714                    /lib/x86_64-linux-gnu/libnss_nis-2.27.so
7f0d6a0a0000-7f0d6a0a1000 r--p 0000a000 08:01 1185714                    /lib/x86_64-linux-gnu/libnss_nis-2.27.so
7f0d6a0a1000-7f0d6a0a2000 rw-p 0000b000 08:01 1185714                    /lib/x86_64-linux-gnu/libnss_nis-2.27.so
7f0d6a0a2000-7f0d6a0aa000 r-xp 00000000 08:01 1185699                    /lib/x86_64-linux-gnu/libnss_compat-2.27.so
7f0d6a0aa000-7f0d6a2aa000 ---p 00008000 08:01 1185699                    /lib/x86_64-linux-gnu/libnss_compat-2.27.so
7f0d6a2aa000-7f0d6a2ab000 r--p 00008000 08:01 1185699                    /lib/x86_64-linux-gnu/libnss_compat-2.27.so
7f0d6a2ab000-7f0d6a2ac000 rw-p 00009000 08:01 1185699                    /lib/x86_64-linux-gnu/libnss_compat-2.27.so
7f0d6a2ac000-7f0d6a2d5000 r-xp 00000000 08:01 1313762                    /usr/lib/jvm/java-11-openjdk-amd64/lib/libjava.so
7f0d6a2d5000-7f0d6a4d4000 ---p 00029000 08:01 1313762                    /usr/lib/jvm/java-11-openjdk-amd64/lib/libjava.so
7f0d6a4d4000-7f0d6a4d5000 r--p 00028000 08:01 1313762                    /usr/lib/jvm/java-11-openjdk-amd64/lib/libjava.so
7f0d6a4d5000-7f0d6a4d7000 rw-p 00029000 08:01 1313762                    /usr/lib/jvm/java-11-openjdk-amd64/lib/libjava.so
7f0d6a4d7000-7f0d6a4e4000 r-xp 00000000 08:01 1313782                    /usr/lib/jvm/java-11-openjdk-amd64/lib/libverify.so
7f0d6a4e4000-7f0d6a6e3000 ---p 0000d000 08:01 1313782                    /usr/lib/jvm/java-11-openjdk-amd64/lib/libverify.so
7f0d6a6e3000-7f0d6a6e5000 r--p 0000c000 08:01 1313782                    /usr/lib/jvm/java-11-openjdk-amd64/lib/libverify.so
7f0d6a6e5000-7f0d6a6e6000 rw-p 0000e000 08:01 1313782                    /usr/lib/jvm/java-11-openjdk-amd64/lib/libverify.so
7f0d6a6e6000-7f0d6a6ed000 r-xp 00000000 08:01 1185754                    /lib/x86_64-linux-gnu/librt-2.27.so
7f0d6a6ed000-7f0d6a8ec000 ---p 00007000 08:01 1185754                    /lib/x86_64-linux-gnu/librt-2.27.so
7f0d6a8ec000-7f0d6a8ed000 r--p 00006000 08:01 1185754                    /lib/x86_64-linux-gnu/librt-2.27.so
7f0d6a8ed000-7f0d6a8ee000 rw-p 00007000 08:01 1185754                    /lib/x86_64-linux-gnu/librt-2.27.so
7f0d6a8ee000-7f0d6a905000 r-xp 00000000 08:01 1180308                    /lib/x86_64-linux-gnu/libgcc_s.so.1
7f0d6a905000-7f0d6ab04000 ---p 00017000 08:01 1180308                    /lib/x86_64-linux-gnu/libgcc_s.so.1
7f0d6ab04000-7f0d6ab05000 r--p 00016000 08:01 1180308                    /lib/x86_64-linux-gnu/libgcc_s.so.1
7f0d6ab05000-7f0d6ab06000 rw-p 00017000 08:01 1180308                    /lib/x86_64-linux-gnu/libgcc_s.so.1
7f0d6ab06000-7f0d6aca3000 r-xp 00000000 08:01 1185676                    /lib/x86_64-linux-gnu/libm-2.27.so
7f0d6aca3000-7f0d6aea2000 ---p 0019d000 08:01 1185676                    /lib/x86_64-linux-gnu/libm-2.27.so
7f0d6aea2000-7f0d6aea3000 r--p 0019c000 08:01 1185676                    /lib/x86_64-linux-gnu/libm-2.27.so
7f0d6aea3000-7f0d6aea4000 rw-p 0019d000 08:01 1185676                    /lib/x86_64-linux-gnu/libm-2.27.so
7f0d6aea4000-7f0d6b01d000 r-xp 00000000 08:01 1442248                    /usr/lib/x86_64-linux-gnu/libstdc++.so.6.0.25
7f0d6b01d000-7f0d6b21d000 ---p 00179000 08:01 1442248                    /usr/lib/x86_64-linux-gnu/libstdc++.so.6.0.25
7f0d6b21d000-7f0d6b227000 r--p 00179000 08:01 1442248                    /usr/lib/x86_64-linux-gnu/libstdc++.so.6.0.25
7f0d6b227000-7f0d6b229000 rw-p 00183000 08:01 1442248                    /usr/lib/x86_64-linux-gnu/libstdc++.so.6.0.25
7f0d6b229000-7f0d6b22d000 rw-p 00000000 00:00 0 
7f0d6b22d000-7f0d6c2f5000 r-xp 00000000 08:01 1313789                    /usr/lib/jvm/java-11-openjdk-amd64/lib/server/libjvm.so
7f0d6c2f5000-7f0d6c4f5000 ---p 010c8000 08:01 1313789                    /usr/lib/jvm/java-11-openjdk-amd64/lib/server/libjvm.so
7f0d6c4f5000-7f0d6c5b2000 r--p 010c8000 08:01 1313789                    /usr/lib/jvm/java-11-openjdk-amd64/lib/server/libjvm.so
7f0d6c5b2000-7f0d6c5eb000 rw-p 01185000 08:01 1313789                    /usr/lib/jvm/java-11-openjdk-amd64/lib/server/libjvm.so
7f0d6c5eb000-7f0d6c641000 rw-p 00000000 00:00 0 
7f0d6c641000-7f0d6c65b000 r-xp 00000000 08:01 1185746                    /lib/x86_64-linux-gnu/libpthread-2.27.so
7f0d6c65b000-7f0d6c85a000 ---p 0001a000 08:01 1185746                    /lib/x86_64-linux-gnu/libpthread-2.27.so
7f0d6c85a000-7f0d6c85b000 r--p 00019000 08:01 1185746                    /lib/x86_64-linux-gnu/libpthread-2.27.so
7f0d6c85b000-7f0d6c85c000 rw-p 0001a000 08:01 1185746                    /lib/x86_64-linux-gnu/libpthread-2.27.so
7f0d6c85c000-7f0d6c860000 rw-p 00000000 00:00 0 
7f0d6c860000-7f0d6c863000 r-xp 00000000 08:01 1185636                    /lib/x86_64-linux-gnu/libdl-2.27.so
7f0d6c863000-7f0d6ca62000 ---p 00003000 08:01 1185636                    /lib/x86_64-linux-gnu/libdl-2.27.so
7f0d6ca62000-7f0d6ca63000 r--p 00002000 08:01 1185636                    /lib/x86_64-linux-gnu/libdl-2.27.so
7f0d6ca63000-7f0d6ca64000 rw-p 00003000 08:01 1185636                    /lib/x86_64-linux-gnu/libdl-2.27.so
7f0d6ca64000-7f0d6ca80000 r-xp 00000000 08:01 1185785                    /lib/x86_64-linux-gnu/libz.so.1.2.11
7f0d6ca80000-7f0d6cc7f000 ---p 0001c000 08:01 1185785                    /lib/x86_64-linux-gnu/libz.so.1.2.11
7f0d6cc7f000-7f0d6cc80000 r--p 0001b000 08:01 1185785                    /lib/x86_64-linux-gnu/libz.so.1.2.11
7f0d6cc80000-7f0d6cc81000 rw-p 0001c000 08:01 1185785                    /lib/x86_64-linux-gnu/libz.so.1.2.11
7f0d6cc81000-7f0d6ce68000 r-xp 00000000 08:01 1185613                    /lib/x86_64-linux-gnu/libc-2.27.so
7f0d6ce68000-7f0d6d068000 ---p 001e7000 08:01 1185613                    /lib/x86_64-linux-gnu/libc-2.27.so
7f0d6d068000-7f0d6d06c000 r--p 001e7000 08:01 1185613                    /lib/x86_64-linux-gnu/libc-2.27.so
7f0d6d06c000-7f0d6d06e000 rw-p 001eb000 08:01 1185613                    /lib/x86_64-linux-gnu/libc-2.27.so
7f0d6d06e000-7f0d6d072000 rw-p 00000000 00:00 0 
7f0d6d072000-7f0d6d081000 r-xp 00000000 08:01 1313747                    /usr/lib/jvm/java-11-openjdk-amd64/lib/jli/libjli.so
7f0d6d081000-7f0d6d281000 ---p 0000f000 08:01 1313747                    /usr/lib/jvm/java-11-openjdk-amd64/lib/jli/libjli.so
7f0d6d281000-7f0d6d282000 r--p 0000f000 08:01 1313747                    /usr/lib/jvm/java-11-openjdk-amd64/lib/jli/libjli.so
7f0d6d282000-7f0d6d283000 rw-p 00010000 08:01 1313747                    /usr/lib/jvm/java-11-openjdk-amd64/lib/jli/libjli.so
7f0d6d283000-7f0d6d2aa000 r-xp 00000000 08:01 1185585                    /lib/x86_64-linux-gnu/ld-2.27.so
7f0d6d386000-7f0d6d38b000 rw-p 00000000 00:00 0 
7f0d6d38b000-7f0d6d392000 ---p 00000000 00:00 0 
7f0d6d392000-7f0d6d396000 ---p 00000000 00:00 0 
7f0d6d396000-7f0d6d495000 rw-p 00000000 00:00 0 
7f0d6d49c000-7f0d6d49e000 r--s 00007000 08:01 1705428                    /usr/share/java/java-atk-wrapper.jar
7f0d6d49e000-7f0d6d4a6000 rw-s 00000000 08:01 1319775                    /tmp/hsperfdata_quan/6588
7f0d6d4a6000-7f0d6d4a7000 ---p 00000000 00:00 0 
7f0d6d4a7000-7f0d6d4a8000 r--p 00000000 00:00 0 
7f0d6d4a8000-7f0d6d4aa000 rw-p 00000000 00:00 0 
7f0d6d4aa000-7f0d6d4ab000 r--p 00027000 08:01 1185585                    /lib/x86_64-linux-gnu/ld-2.27.so
7f0d6d4ab000-7f0d6d4ac000 rw-p 00028000 08:01 1185585                    /lib/x86_64-linux-gnu/ld-2.27.so
7f0d6d4ac000-7f0d6d4ad000 rw-p 00000000 00:00 0 
7ffda99d0000-7ffda99f2000 rw-p 00000000 00:00 0                          [stack]
7ffda99f5000-7ffda99f8000 r--p 00000000 00:00 0                          [vvar]
7ffda99f8000-7ffda99fa000 r-xp 00000000 00:00 0                          [vdso]
ffffffffff600000-ffffffffff601000 r-xp 00000000 00:00 0                  [vsyscall]


VM Arguments:
jvm_args: -Xms2G -Xmx2G -XX:CompileCommandFile=/tmp/jmh15298178041361826864compilecommand 
java_command: org.openjdk.jmh.runner.ForkedMain 127.0.0.1 40241
java_class_path (initial): /home/quan/IdeaProjects/sparkJava/target/classes:/home/quan/.m2/repository/org/slf4j/slf4j-api/1.7.5/slf4j-api-1.7.5.jar:/home/quan/.m2/repository/com/google/code/gson/gson/2.8.0/gson-2.8.0.jar:/home/quan/.m2/repository/com/sparkjava/spark-core/2.5.4/spark-core-2.5.4.jar:/home/quan/.m2/repository/org/eclipse/jetty/jetty-server/9.3.6.v20151106/jetty-server-9.3.6.v20151106.jar:/home/quan/.m2/repository/javax/servlet/javax.servlet-api/3.1.0/javax.servlet-api-3.1.0.jar:/home/quan/.m2/repository/org/eclipse/jetty/jetty-http/9.3.6.v20151106/jetty-http-9.3.6.v20151106.jar:/home/quan/.m2/repository/org/eclipse/jetty/jetty-util/9.3.6.v20151106/jetty-util-9.3.6.v20151106.jar:/home/quan/.m2/repository/org/eclipse/jetty/jetty-io/9.3.6.v20151106/jetty-io-9.3.6.v20151106.jar:/home/quan/.m2/repository/org/eclipse/jetty/jetty-webapp/9.3.6.v20151106/jetty-webapp-9.3.6.v20151106.jar:/home/quan/.m2/repository/org/eclipse/jetty/jetty-xml/9.3.6.v20151106/jetty-xml-9.3.6.v20151106.jar:/home/quan/.m2/repository/org/eclipse/jetty/jetty-servlet/9.3.6.v20151106/jetty-servlet-9.3.6.v20151106.jar:/home/quan/.m2/repository/org/eclipse/jetty/jetty-security/9.3.6.v20151106/jetty-security-9.3.6.v20151106.jar:/home/quan/.m2/repository/org/eclipse/jetty/websocket/websocket-server/9.3.6.v20151106/websocket-server-9.3.6.v20151106.jar:/home/quan/.m2/repository/org/eclipse/jetty/websocket/websocket-common/9.3.6.v20151106/websocket-common-9.3.6.v20151106.jar:/home/quan/.m2/repository/org/eclipse/jetty/websocket/websocket-client/9.3.6.v20151106/websocket-client-9.3.6.v20151106.jar:/home/quan/.m2/repository/org/eclipse/jetty/websocket/websocket-servlet/9.3.6.v20151106/websocket-servlet-9.3.6.v20151106.jar:/home/quan/.m2/repository/org/eclipse/jetty/websocket/websocket-api/9.3.6.v20151106/websocket-api-9.3.6.v20151106.jar:/home/quan/.m2/repository/com/google/guava/guava/28.0-jre/guava-28.0-jre.jar:/home/quan/.m2/repository/com/google/guava/failureaccess/1.0.1/failureaccess-1.0.1
Launcher Type: SUN_STANDARD

[Global flags]
     intx CICompilerCount                          = 2                                         {product} {ergonomic}
    ccstr CompileCommandFile                       = /tmp/jmh15298178041361826864compilecommand            {product} {command line}
   size_t InitialHeapSize                          = 2147483648                                {product} {command line}
   size_t MaxHeapSize                              = 2147483648                                {product} {command line}
   size_t MaxNewSize                               = 715784192                                 {product} {ergonomic}
   size_t MinHeapDeltaBytes                        = 196608                                    {product} {ergonomic}
   size_t NewSize                                  = 715784192                                 {product} {ergonomic}
    uintx NonNMethodCodeHeapSize                   = 5824844                                {pd product} {ergonomic}
    uintx NonProfiledCodeHeapSize                  = 122916698                              {pd product} {ergonomic}
   size_t OldSize                                  = 1431699456                                {product} {ergonomic}
    uintx ProfiledCodeHeapSize                     = 122916698                              {pd product} {ergonomic}
    uintx ReservedCodeCacheSize                    = 251658240                              {pd product} {ergonomic}
     bool SegmentedCodeCache                       = true                                      {product} {ergonomic}
     bool UseCompressedClassPointers               = true                                 {lp64_product} {ergonomic}
     bool UseCompressedOops                        = true                                 {lp64_product} {ergonomic}
     bool UseSerialGC                              = true                                      {product} {ergonomic}

Logging:
Log output configuration:
 #0: stdout all=warning uptime,level,tags
 #1: stderr all=off uptime,level,tags

Environment Variables:
PATH=/usr/local/sbin:/usr/local/bin:/usr/sbin:/usr/bin:/sbin:/bin:/usr/games:/usr/local/games:/snap/bin
USERNAME=quan
SHELL=/bin/bash
DISPLAY=:0

Signal Handlers:
SIGSEGV: [libjvm.so+0xde2f90], sa_mask[0]=11111111011111111101111111111110, sa_flags=SA_RESTART|SA_SIGINFO
SIGBUS: [libjvm.so+0xde2f90], sa_mask[0]=11111111011111111101111111111110, sa_flags=SA_RESTART|SA_SIGINFO
SIGFPE: [libjvm.so+0xde2f90], sa_mask[0]=11111111011111111101111111111110, sa_flags=SA_RESTART|SA_SIGINFO
SIGPIPE: [libjvm.so+0xbb85d0], sa_mask[0]=11111111011111111101111111111110, sa_flags=SA_RESTART|SA_SIGINFO
SIGXFSZ: [libjvm.so+0xbb85d0], sa_mask[0]=11111111011111111101111111111110, sa_flags=SA_RESTART|SA_SIGINFO
SIGILL: [libjvm.so+0xde2f90], sa_mask[0]=11111111011111111101111111111110, sa_flags=SA_RESTART|SA_SIGINFO
SIGUSR2: [libjvm.so+0xbb8470], sa_mask[0]=00100000000000000000000000000000, sa_flags=SA_RESTART|SA_SIGINFO
SIGHUP: SIG_DFL, sa_mask[0]=00000000000000000000000000000000, sa_flags=none
SIGINT: SIG_DFL, sa_mask[0]=00000000000000000000000000000000, sa_flags=none
SIGTERM: SIG_DFL, sa_mask[0]=00000000000000000000000000000000, sa_flags=none
SIGQUIT: SIG_DFL, sa_mask[0]=00000000000000000000000000000000, sa_flags=none


---------------  S Y S T E M  ---------------

OS:DISTRIB_ID=Ubuntu
DISTRIB_RELEASE=18.04
DISTRIB_CODENAME=bionic
DISTRIB_DESCRIPTION="Ubuntu 18.04.2 LTS"
uname:Linux 4.18.0-25-generic #26~18.04.1-Ubuntu SMP Thu Jun 27 07:28:31 UTC 2019 x86_64
libc:glibc 2.27 NPTL 2.27 
rlimit: STACK 8192k, CORE 0k, NPROC 15526, NOFILE 1048576, AS infinity, DATA infinity, FSIZE infinity
load average:2.23 2.92 2.32

/proc/meminfo:
MemTotal:        4039524 kB
MemFree:          203900 kB
MemAvailable:     251144 kB
Buffers:           27700 kB
Cached:           747684 kB
SwapCached:        16132 kB
Active:          2881960 kB
Inactive:         713628 kB
Active(anon):    2779700 kB
Inactive(anon):   581408 kB
Active(file):     102260 kB
Inactive(file):   132220 kB
Unevictable:          32 kB
Mlocked:              32 kB
SwapTotal:       1459804 kB
SwapFree:         495196 kB
Dirty:              3188 kB
Writeback:             0 kB
AnonPages:       2808928 kB
Mapped:           678224 kB
Shmem:            540908 kB
Slab:              76512 kB
SReclaimable:      31408 kB
SUnreclaim:        45104 kB
KernelStack:       14784 kB
PageTables:        59536 kB
NFS_Unstable:          0 kB
Bounce:                0 kB
WritebackTmp:          0 kB
CommitLimit:     3479564 kB
Committed_AS:   10193420 kB
VmallocTotal:   34359738367 kB
VmallocUsed:           0 kB
VmallocChunk:          0 kB
HardwareCorrupted:     0 kB
AnonHugePages:         0 kB
ShmemHugePages:        0 kB
ShmemPmdMapped:        0 kB
CmaTotal:              0 kB
CmaFree:               0 kB
HugePages_Total:       0
HugePages_Free:        0
HugePages_Rsvd:        0
HugePages_Surp:        0
Hugepagesize:       2048 kB
Hugetlb:               0 kB
DirectMap4k:      159680 kB
DirectMap2M:     4034560 kB


/proc/sys/kernel/threads-max (system-wide limit on the number of threads):
31052


/proc/sys/vm/max_map_count (maximum number of memory map areas a process may have):
65530


/proc/sys/kernel/pid_max (system-wide limit on number of process identifiers):
32768



container (cgroup) information:
container_type: cgroupv1
cpu_cpuset_cpus: 0
cpu_memory_nodes: 0
active_processor_count: 1
cpu_quota: -1
cpu_period: 100000
cpu_shares: -1
memory_limit_in_bytes: -1
memory_and_swap_limit_in_bytes: -2
memory_soft_limit_in_bytes: -1
memory_usage_in_bytes: 3680849920
memory_max_usage_in_bytes: 0


CPU:total 1 (initial active 1) (1 cores per cpu, 1 threads per core) family 6 model 158 stepping 9, cmov, cx8, fxsr, mmx, sse, sse2, sse3, ssse3, sse4.1, sse4.2, popcnt, avx, avx2, aes, clmul, 3dnowpref, lzcnt, tsc, tscinvbit
CPU Model and flags from /proc/cpuinfo:
model name	: Intel(R) Core(TM) i7-7700HQ CPU @ 2.80GHz
flags		: fpu vme de pse tsc msr pae mce cx8 apic sep mtrr pge mca cmov pat pse36 clflush mmx fxsr sse sse2 ht syscall nx rdtscp lm constant_tsc rep_good nopl xtopology nonstop_tsc cpuid tsc_known_freq pni pclmulqdq monitor ssse3 cx16 pcid sse4_1 sse4_2 x2apic movbe popcnt aes xsave avx rdrand hypervisor lahf_lm abm 3dnowprefetch invpcid_single pti fsgsbase avx2 invpcid rdseed clflushopt flush_l1d

Memory: 4k page, physical 4039524k(203900k free), swap 1459804k(495196k free)

vm_info: OpenJDK 64-Bit Server VM (11.0.3+7-Ubuntu-1ubuntu218.04.1) for linux-amd64 JRE (11.0.3+7-Ubuntu-1ubuntu218.04.1), built on Apr 23 2019 18:34:35 by "buildd" with gcc 7.3.0

END.
